<?xml version="1.0" encoding="UTF-8"?>
<!-- Generated by org.testng.reporters.JUnitXMLReporter -->
<testsuite ignored="0" hostname="Taneja" failures="1" tests="2" name="Test" time="58.922" errors="0" timestamp="2022-11-08T23:37:38 IST">
  <testcase classname="TestCases.verifySignup" name="signup" time="15.835"/>
  <testcase classname="TestCases.VerifyLogin" name="login" time="2.345">
    <failure type="java.lang.AssertionError" message="The following asserts failed:
	expected [Please check your username and password. If you still can&amp;apos;t log in, contact your Salesforce administrator.] but found []">
      <![CDATA[java.lang.AssertionError: The following asserts failed:
expected [Please check your username and password. If you still can't log in, contact your Salesforce administrator.] but found []
at TestCases.VerifyLogin.login(VerifyLogin.java:33)
at java.base/java.util.ArrayList.forEach(ArrayList.java:1511)
... Removed 29 stack frames]]>
    </failure>
  </testcase> <!-- login -->
</testsuite> <!-- Test -->
