<?xml version="1.0" encoding="UTF-8"?>
<testng-results ignored="0" total="2" passed="2" failed="0" skipped="0">
  <reporter-output>
  </reporter-output>
  <suite started-at="2022-11-09T14:06:02 IST" name="Suite" finished-at="2022-11-09T14:07:37 IST" duration-ms="94851">
    <groups>
    </groups>
    <test started-at="2022-11-09T14:06:02 IST" name="Test" finished-at="2022-11-09T14:07:37 IST" duration-ms="94851">
      <class name="TestCases.verifySignup">
        <test-method is-config="true" signature="launchURL()[pri:0, instance:TestCases.verifySignup@6a28ffa4]" started-at="2022-11-09T14:06:02 IST" name="launchURL" finished-at="2022-11-09T14:06:32 IST" duration-ms="29445" status="PASS">
          <reporter-output>
          </reporter-output>
        </test-method> <!-- launchURL -->
        <test-method signature="signup()[pri:0, instance:TestCases.verifySignup@6a28ffa4]" started-at="2022-11-09T14:06:32 IST" name="signup" finished-at="2022-11-09T14:06:51 IST" duration-ms="19053" status="PASS">
          <reporter-output>
          </reporter-output>
        </test-method> <!-- signup -->
      </class> <!-- TestCases.verifySignup -->
      <class name="TestCases.VerifyLogin">
        <test-method is-config="true" signature="launchURL()[pri:0, instance:TestCases.VerifyLogin@291ae]" started-at="2022-11-09T14:06:51 IST" name="launchURL" finished-at="2022-11-09T14:07:08 IST" duration-ms="17337" status="PASS">
          <reporter-output>
          </reporter-output>
        </test-method> <!-- launchURL -->
        <test-method signature="login()[pri:0, instance:TestCases.VerifyLogin@291ae]" started-at="2022-11-09T14:07:08 IST" name="login" finished-at="2022-11-09T14:07:37 IST" duration-ms="28908" status="PASS">
          <reporter-output>
          </reporter-output>
        </test-method> <!-- login -->
      </class> <!-- TestCases.VerifyLogin -->
    </test> <!-- Test -->
  </suite> <!-- Suite -->
</testng-results>
