<?xml version="1.0" encoding="UTF-8"?>
<testng-results ignored="0" total="1" passed="1" failed="0" skipped="0">
  <reporter-output>
  </reporter-output>
  <suite started-at="2022-11-09T14:00:40 IST" name="Default suite" finished-at="2022-11-09T14:01:08 IST" duration-ms="28141">
    <groups>
    </groups>
    <test started-at="2022-11-09T14:00:40 IST" name="Default test" finished-at="2022-11-09T14:01:08 IST" duration-ms="28141">
      <class name="TestCases.VerifyLogin">
        <test-method is-config="true" signature="launchURL()[pri:0, instance:TestCases.VerifyLogin@3835c46]" started-at="2022-11-09T14:00:40 IST" name="launchURL" finished-at="2022-11-09T14:01:00 IST" duration-ms="19947" status="PASS">
          <reporter-output>
          </reporter-output>
        </test-method> <!-- launchURL -->
        <test-method signature="login()[pri:0, instance:TestCases.VerifyLogin@3835c46]" started-at="2022-11-09T14:01:00 IST" name="login" finished-at="2022-11-09T14:01:08 IST" duration-ms="8126" status="PASS">
          <reporter-output>
          </reporter-output>
        </test-method> <!-- login -->
      </class> <!-- TestCases.VerifyLogin -->
    </test> <!-- Default test -->
  </suite> <!-- Default suite -->
</testng-results>
